This file contains any messages produced by compilers while
running configure, to aid debugging if configure makes a mistake.

It was created by renattach configure. 1.2.4, which was
generated by GNU Autoconf 2.59.  Invocation command line was

  $ ./configure. 

## --------- ##
## Platform. ##
## --------- ##

hostname = bruch.asylum.invalid
uname -m = i386
uname -r = 2
uname -s = OS/2
uname -v = 2.45

/usr/bin/uname -p = unknown
/bin/uname -X     = unknown

/bin/arch              = unknown
/usr/bin/arch -k       = unknown
/usr/convex/getsysinfo = unknown
hostinfo               = unknown
/bin/machine           = unknown
/usr/bin/oslevel       = unknown
/bin/universe          = unknown

PATH: d:/mptn/bin
PATH: d:/ibmcom
PATH: d:/os2
PATH: d:/vt/spch_bin
PATH: d:/opendoc/bin
PATH: d:/os2/system
PATH: d:/os2/mdos/winos2
PATH: d:/os2/install
PATH: d:/
PATH: d:/os2/mdos
PATH: d:/os2/apps
PATH: d:/bonuspak/ibmworks
PATH: d:/javaos2/bin
PATH: d:/mmos2
PATH: d:/tcpip/bin
PATH: d:/tcpip/pcomos2
PATH: d:/tcpip/umail
PATH: d:/mwaveos2/bin
PATH: e:/bin/os2/bin
PATH: e:/bin/os2/batch
PATH: e:/bin/os2/glepm/exe
PATH: e:/bin/gnu/bin
PATH: e:/bin/gnu/gnuplot
PATH: e:/bin/os2/watchcat
PATH: e:/bin/os2/ckermit
PATH: e:/bin/emx/bin
PATH: e:/bin/gnu/gstools/gs8.53/bin
PATH: e:/bin/gnu/gstools/gsview2
PATH: e:/bin/os2/feelx
PATH: e:/bin/gnu/f2c
PATH: e:/bin/os2/v2.10
PATH: e:/bin/gnu/p2c
PATH: d:/emtex/bin
PATH: e:/bin/os2/mpeg
PATH: e:/bin/os2/mrfilepm
PATH: e:/bin/gnu/gtar
PATH: e:/bin/os2/bapro
PATH: e:/bin/os2/ahd
PATH: e:/bin/os2/hstart
PATH: e:/bin/gnu/vim
PATH: e:/bin/gnu/perl5
PATH: e:/bin/os2/povray3
PATH: e:/bin/os2/pgp
PATH: e:/bin/watcom/binp
PATH: e:/bin/watcom/binw
PATH: e:/xfree86/bin
PATH: f:/usr/sad/bin
PATH: .


## ----------- ##
## Core tests. ##
## ----------- ##

configure.:1222: creating cache /dev/null
configure.:1349: checking for a BSD-compatible install
configure.:1404: result: ./install-sh -c
configure.:1415: checking whether build environment is sane
configure.:1458: result: yes
configure.:1515: checking for gawk
configure.:1541: result: e:/bin/gnu/bin/gawk
configure.:1551: checking whether make sets $(MAKE)
configure.:1575: result: no
configure.:1784: checking for gcc
configure.:1810: result: gcc
configure.:2054: checking for C compiler version
configure.:2057: gcc --version </dev/null >&5
2.8.1
configure.:2060: $? = 0
configure.:2062: gcc -v </dev/null >&5
Using builtin specs.
gcc version 2.8.1
configure.:2065: $? = 0
configure.:2067: gcc -V </dev/null >&5
gcc: argument to `-V' is missing
configure.:2070: $? = 1
configure.:2093: checking for C compiler default output file name
configure.:2096: gcc    conftest.c  >&5
configure.:2099: $? = 0
configure.:2145: result: conftest.exe
configure.:2150: checking whether the C compiler works
configure.:2156: ./conftest.exe
configure.:2159: $? = 0
configure.:2176: result: yes
configure.:2183: checking whether we are cross compiling
configure.:2185: result: no
configure.:2188: checking for suffix of executables
configure.:2190: gcc -o conftest.exe    conftest.c  >&5
configure.:2193: $? = 0
configure.:2218: result: .exe
configure.:2224: checking for suffix of object files
configure.:2245: gcc -c   conftest.c >&5
configure.:2248: $? = 0
configure.:2270: result: o
configure.:2274: checking whether we are using the GNU C compiler
configure.:2298: gcc -c   conftest.c >&5
configure.:2304: $? = 0
configure.:2308: test -z 
			 || test ! -s conftest.err
configure.:2311: $? = 0
configure.:2314: test -s conftest.o
configure.:2317: $? = 0
configure.:2330: result: yes
configure.:2336: checking whether gcc accepts -g
configure.:2357: gcc -c -g  conftest.c >&5
configure.:2363: $? = 0
configure.:2367: test -z 
			 || test ! -s conftest.err
configure.:2370: $? = 0
configure.:2373: test -s conftest.o
configure.:2376: $? = 0
configure.:2387: result: yes
configure.:2404: checking for gcc option to accept ANSI C
configure.:2474: gcc  -c -g -O2  conftest.c >&5
configure.:2480: $? = 0
configure.:2484: test -z 
			 || test ! -s conftest.err
configure.:2487: $? = 0
configure.:2490: test -s conftest.o
configure.:2493: $? = 0
configure.:2511: result: none needed
configure.:2529: gcc -c -g -O2  conftest.c >&5
conftest.c:2: parse error before `me'
configure.:2535: $? = 1
configure.: failed program was:
| #ifndef __cplusplus
|   choke me
| #endif
configure.:2679: checking for style of include used by make
configure.:2707: result: GNU
configure.:2735: checking dependency style of gcc
configure.:2825: result: gcc
configure.:2855: checking for a BSD-compatible install
configure.:2910: result: ./install-sh -c
configure.:2927: checking how to run the C preprocessor
configure.:2962: gcc -E  conftest.c
configure.:2968: $? = 0
configure.:3000: gcc -E  conftest.c
conftest.c:11: ac_nonexistent.h: No such file or directory
configure.:3006: $? = 1
configure.: failed program was:
| /* confdefs.h.  */
| 
| #define PACKAGE_NAME "renattach"
| #define PACKAGE_TARNAME "renattach"
| #define PACKAGE_VERSION "1.2.4"
| #define PACKAGE_STRING "renattach 1.2.4"
| #define PACKAGE_BUGREPORT ""
| #define PACKAGE "renattach"
| #define VERSION "1.2.4"
| /* end confdefs.h.  */
| #include <ac_nonexistent.h>
configure.:3045: result: gcc -E
configure.:3069: gcc -E  conftest.c
configure.:3075: $? = 0
configure.:3107: gcc -E  conftest.c
conftest.c:11: ac_nonexistent.h: No such file or directory
configure.:3113: $? = 1
configure.: failed program was:
| /* confdefs.h.  */
| 
| #define PACKAGE_NAME "renattach"
| #define PACKAGE_TARNAME "renattach"
| #define PACKAGE_VERSION "1.2.4"
| #define PACKAGE_STRING "renattach 1.2.4"
| #define PACKAGE_BUGREPORT ""
| #define PACKAGE "renattach"
| #define VERSION "1.2.4"
| /* end confdefs.h.  */
| #include <ac_nonexistent.h>
configure.:3157: checking for egrep
configure.:3167: result: grep -E
configure.:3172: checking for ANSI C header files
configure.:3197: gcc -c -g -O2  conftest.c >&5
configure.:3203: $? = 0
configure.:3207: test -z 
			 || test ! -s conftest.err
configure.:3210: $? = 0
configure.:3213: test -s conftest.o
configure.:3216: $? = 0
configure.:3305: gcc -o conftest.exe -g -O2   conftest.c  >&5
configure.:3308: $? = 0
configure.:3310: ./conftest.exe
configure.:3313: $? = 0
configure.:3328: result: yes
configure.:3352: checking for sys/types.h
configure.:3368: gcc -c -g -O2  conftest.c >&5
configure.:3374: $? = 0
configure.:3378: test -z 
			 || test ! -s conftest.err
configure.:3381: $? = 0
configure.:3384: test -s conftest.o
configure.:3387: $? = 0
configure.:3398: result: yes
configure.:3352: checking for sys/stat.h
configure.:3368: gcc -c -g -O2  conftest.c >&5
configure.:3374: $? = 0
configure.:3378: test -z 
			 || test ! -s conftest.err
configure.:3381: $? = 0
configure.:3384: test -s conftest.o
configure.:3387: $? = 0
configure.:3398: result: yes
configure.:3352: checking for stdlib.h
configure.:3368: gcc -c -g -O2  conftest.c >&5
configure.:3374: $? = 0
configure.:3378: test -z 
			 || test ! -s conftest.err
configure.:3381: $? = 0
configure.:3384: test -s conftest.o
configure.:3387: $? = 0
configure.:3398: result: yes
configure.:3352: checking for string.h
configure.:3368: gcc -c -g -O2  conftest.c >&5
configure.:3374: $? = 0
configure.:3378: test -z 
			 || test ! -s conftest.err
configure.:3381: $? = 0
configure.:3384: test -s conftest.o
configure.:3387: $? = 0
configure.:3398: result: yes
configure.:3352: checking for memory.h
configure.:3368: gcc -c -g -O2  conftest.c >&5
configure.:3374: $? = 0
configure.:3378: test -z 
			 || test ! -s conftest.err
configure.:3381: $? = 0
configure.:3384: test -s conftest.o
configure.:3387: $? = 0
configure.:3398: result: yes
configure.:3352: checking for strings.h
configure.:3368: gcc -c -g -O2  conftest.c >&5
configure.:3374: $? = 0
configure.:3378: test -z 
			 || test ! -s conftest.err
configure.:3381: $? = 0
configure.:3384: test -s conftest.o
configure.:3387: $? = 0
configure.:3398: result: yes
configure.:3352: checking for inttypes.h
configure.:3368: gcc -c -g -O2  conftest.c >&5
conftest.c:53: inttypes.h: No such file or directory
configure.:3374: $? = 1
configure.: failed program was:
| /* confdefs.h.  */
| 
| #define PACKAGE_NAME "renattach"
| #define PACKAGE_TARNAME "renattach"
| #define PACKAGE_VERSION "1.2.4"
| #define PACKAGE_STRING "renattach 1.2.4"
| #define PACKAGE_BUGREPORT ""
| #define PACKAGE "renattach"
| #define VERSION "1.2.4"
| #define STDC_HEADERS 1
| #define HAVE_SYS_TYPES_H 1
| #define HAVE_SYS_STAT_H 1
| #define HAVE_STDLIB_H 1
| #define HAVE_STRING_H 1
| #define HAVE_MEMORY_H 1
| #define HAVE_STRINGS_H 1
| /* end confdefs.h.  */
| #include <stdio.h>
| #if HAVE_SYS_TYPES_H
| # include <sys/types.h>
| #endif
| #if HAVE_SYS_STAT_H
| # include <sys/stat.h>
| #endif
| #if STDC_HEADERS
| # include <stdlib.h>
| # include <stddef.h>
| #else
| # if HAVE_STDLIB_H
| #  include <stdlib.h>
| # endif
| #endif
| #if HAVE_STRING_H
| # if !STDC_HEADERS && HAVE_MEMORY_H
| #  include <memory.h>
| # endif
| # include <string.h>
| #endif
| #if HAVE_STRINGS_H
| # include <strings.h>
| #endif
| #if HAVE_INTTYPES_H
| # include <inttypes.h>
| #else
| # if HAVE_STDINT_H
| #  include <stdint.h>
| # endif
| #endif
| #if HAVE_UNISTD_H
| # include <unistd.h>
| #endif
| 
| #include <inttypes.h>
configure.:3398: result: no
configure.:3352: checking for stdint.h
configure.:3368: gcc -c -g -O2  conftest.c >&5
conftest.c:53: stdint.h: No such file or directory
configure.:3374: $? = 1
configure.: failed program was:
| /* confdefs.h.  */
| 
| #define PACKAGE_NAME "renattach"
| #define PACKAGE_TARNAME "renattach"
| #define PACKAGE_VERSION "1.2.4"
| #define PACKAGE_STRING "renattach 1.2.4"
| #define PACKAGE_BUGREPORT ""
| #define PACKAGE "renattach"
| #define VERSION "1.2.4"
| #define STDC_HEADERS 1
| #define HAVE_SYS_TYPES_H 1
| #define HAVE_SYS_STAT_H 1
| #define HAVE_STDLIB_H 1
| #define HAVE_STRING_H 1
| #define HAVE_MEMORY_H 1
| #define HAVE_STRINGS_H 1
| /* end confdefs.h.  */
| #include <stdio.h>
| #if HAVE_SYS_TYPES_H
| # include <sys/types.h>
| #endif
| #if HAVE_SYS_STAT_H
| # include <sys/stat.h>
| #endif
| #if STDC_HEADERS
| # include <stdlib.h>
| # include <stddef.h>
| #else
| # if HAVE_STDLIB_H
| #  include <stdlib.h>
| # endif
| #endif
| #if HAVE_STRING_H
| # if !STDC_HEADERS && HAVE_MEMORY_H
| #  include <memory.h>
| # endif
| # include <string.h>
| #endif
| #if HAVE_STRINGS_H
| # include <strings.h>
| #endif
| #if HAVE_INTTYPES_H
| # include <inttypes.h>
| #else
| # if HAVE_STDINT_H
| #  include <stdint.h>
| # endif
| #endif
| #if HAVE_UNISTD_H
| # include <unistd.h>
| #endif
| 
| #include <stdint.h>
configure.:3398: result: no
configure.:3352: checking for unistd.h
configure.:3368: gcc -c -g -O2  conftest.c >&5
configure.:3374: $? = 0
configure.:3378: test -z 
			 || test ! -s conftest.err
configure.:3381: $? = 0
configure.:3384: test -s conftest.o
configure.:3387: $? = 0
configure.:3398: result: yes
configure.:3426: checking for memory.h
configure.:3431: result: yes
configure.:3426: checking for stdlib.h
configure.:3431: result: yes
configure.:3426: checking for string.h
configure.:3431: result: yes
configure.:3426: checking for strings.h
configure.:3431: result: yes
configure.:3435: checking signal.h usability
configure.:3447: gcc -c -g -O2  conftest.c >&5
configure.:3453: $? = 0
configure.:3457: test -z 
			 || test ! -s conftest.err
configure.:3460: $? = 0
configure.:3463: test -s conftest.o
configure.:3466: $? = 0
configure.:3476: result: yes
configure.:3480: checking signal.h presence
configure.:3490: gcc -E  conftest.c
configure.:3496: $? = 0
configure.:3516: result: yes
configure.:3551: checking for signal.h
configure.:3558: result: yes
configure.:3435: checking syslog.h usability
configure.:3447: gcc -c -g -O2  conftest.c >&5
conftest.c:58: syslog.h: No such file or directory
configure.:3453: $? = 1
configure.: failed program was:
| /* confdefs.h.  */
| 
| #define PACKAGE_NAME "renattach"
| #define PACKAGE_TARNAME "renattach"
| #define PACKAGE_VERSION "1.2.4"
| #define PACKAGE_STRING "renattach 1.2.4"
| #define PACKAGE_BUGREPORT ""
| #define PACKAGE "renattach"
| #define VERSION "1.2.4"
| #define STDC_HEADERS 1
| #define HAVE_SYS_TYPES_H 1
| #define HAVE_SYS_STAT_H 1
| #define HAVE_STDLIB_H 1
| #define HAVE_STRING_H 1
| #define HAVE_MEMORY_H 1
| #define HAVE_STRINGS_H 1
| #define HAVE_UNISTD_H 1
| #define HAVE_MEMORY_H 1
| #define HAVE_STDLIB_H 1
| #define HAVE_STRING_H 1
| #define HAVE_STRINGS_H 1
| #define HAVE_SIGNAL_H 1
| /* end confdefs.h.  */
| #include <stdio.h>
| #if HAVE_SYS_TYPES_H
| # include <sys/types.h>
| #endif
| #if HAVE_SYS_STAT_H
| # include <sys/stat.h>
| #endif
| #if STDC_HEADERS
| # include <stdlib.h>
| # include <stddef.h>
| #else
| # if HAVE_STDLIB_H
| #  include <stdlib.h>
| # endif
| #endif
| #if HAVE_STRING_H
| # if !STDC_HEADERS && HAVE_MEMORY_H
| #  include <memory.h>
| # endif
| # include <string.h>
| #endif
| #if HAVE_STRINGS_H
| # include <strings.h>
| #endif
| #if HAVE_INTTYPES_H
| # include <inttypes.h>
| #else
| # if HAVE_STDINT_H
| #  include <stdint.h>
| # endif
| #endif
| #if HAVE_UNISTD_H
| # include <unistd.h>
| #endif
| #include <syslog.h>
configure.:3476: result: no
configure.:3480: checking syslog.h presence
configure.:3490: gcc -E  conftest.c
conftest.c:24: syslog.h: No such file or directory
configure.:3496: $? = 1
configure.: failed program was:
| /* confdefs.h.  */
| 
| #define PACKAGE_NAME "renattach"
| #define PACKAGE_TARNAME "renattach"
| #define PACKAGE_VERSION "1.2.4"
| #define PACKAGE_STRING "renattach 1.2.4"
| #define PACKAGE_BUGREPORT ""
| #define PACKAGE "renattach"
| #define VERSION "1.2.4"
| #define STDC_HEADERS 1
| #define HAVE_SYS_TYPES_H 1
| #define HAVE_SYS_STAT_H 1
| #define HAVE_STDLIB_H 1
| #define HAVE_STRING_H 1
| #define HAVE_MEMORY_H 1
| #define HAVE_STRINGS_H 1
| #define HAVE_UNISTD_H 1
| #define HAVE_MEMORY_H 1
| #define HAVE_STDLIB_H 1
| #define HAVE_STRING_H 1
| #define HAVE_STRINGS_H 1
| #define HAVE_SIGNAL_H 1
| /* end confdefs.h.  */
| #include <syslog.h>
configure.:3516: result: no
configure.:3551: checking for syslog.h
configure.:3558: result: no
configure.:3426: checking for unistd.h
configure.:3431: result: yes
configure.:3571: checking for an ANSI C-conforming const
configure.:3638: gcc -c -g -O2  conftest.c >&5
configure.:3644: $? = 0
configure.:3648: test -z 
			 || test ! -s conftest.err
configure.:3651: $? = 0
configure.:3654: test -s conftest.o
configure.:3657: $? = 0
configure.:3668: result: yes
configure.:3683: checking for stdlib.h
configure.:3688: result: yes
configure.:3828: checking for GNU libc compatible malloc
configure.:3857: gcc -o conftest.exe -g -O2   conftest.c  >&5
configure.:3860: $? = 0
configure.:3862: ./conftest.exe
configure.:3865: $? = 0
configure.:3879: result: yes
configure.:3928: checking for execv
configure.:3985: gcc -o conftest.exe -g -O2   conftest.c  >&5
configure.:3991: $? = 0
configure.:3995: test -z 
			 || test ! -s conftest.err
configure.:3998: $? = 0
configure.:4001: test -s conftest.exe
configure.:4004: $? = 0
configure.:4016: result: yes
configure.:3928: checking for fork
configure.:3985: gcc -o conftest.exe -g -O2   conftest.c  >&5
configure.:3991: $? = 0
configure.:3995: test -z 
			 || test ! -s conftest.err
configure.:3998: $? = 0
configure.:4001: test -s conftest.exe
configure.:4004: $? = 0
configure.:4016: result: yes
configure.:3928: checking for ftruncate
configure.:3985: gcc -o conftest.exe -g -O2   conftest.c  >&5
configure.:3991: $? = 0
configure.:3995: test -z 
			 || test ! -s conftest.err
configure.:3998: $? = 0
configure.:4001: test -s conftest.exe
configure.:4004: $? = 0
configure.:4016: result: yes
configure.:3928: checking for memset
configure.:3985: gcc -o conftest.exe -g -O2   conftest.c  >&5
conftest.c:54: warning: conflicting types for built-in function `memset'
configure.:3991: $? = 0
configure.:3995: test -z 
			 || test ! -s conftest.err
configure.:3998: $? = 0
configure.:4001: test -s conftest.exe
configure.:4004: $? = 0
configure.:4016: result: yes
configure.:3928: checking for pipe
configure.:3985: gcc -o conftest.exe -g -O2   conftest.c  >&5
configure.:3991: $? = 0
configure.:3995: test -z 
			 || test ! -s conftest.err
configure.:3998: $? = 0
configure.:4001: test -s conftest.exe
configure.:4004: $? = 0
configure.:4016: result: yes
configure.:3928: checking for strcasecmp
configure.:3985: gcc -o conftest.exe -g -O2   conftest.c  >&5
conftest.c:72 (e:/tmp/cca25945): Undefined symbol _strcasecmp referenced from text segment
e:/tmp/cca25945: Undefined symbol _strcasecmp referenced from data segment
configure.:3991: $? = 1
configure.: failed program was:
| /* confdefs.h.  */
| 
| #define PACKAGE_NAME "renattach"
| #define PACKAGE_TARNAME "renattach"
| #define PACKAGE_VERSION "1.2.4"
| #define PACKAGE_STRING "renattach 1.2.4"
| #define PACKAGE_BUGREPORT ""
| #define PACKAGE "renattach"
| #define VERSION "1.2.4"
| #define STDC_HEADERS 1
| #define HAVE_SYS_TYPES_H 1
| #define HAVE_SYS_STAT_H 1
| #define HAVE_STDLIB_H 1
| #define HAVE_STRING_H 1
| #define HAVE_MEMORY_H 1
| #define HAVE_STRINGS_H 1
| #define HAVE_UNISTD_H 1
| #define HAVE_MEMORY_H 1
| #define HAVE_STDLIB_H 1
| #define HAVE_STRING_H 1
| #define HAVE_STRINGS_H 1
| #define HAVE_SIGNAL_H 1
| #define HAVE_UNISTD_H 1
| #define HAVE_STDLIB_H 1
| #define HAVE_MALLOC 1
| #define HAVE_EXECV 1
| #define HAVE_FORK 1
| #define HAVE_FTRUNCATE 1
| #define HAVE_MEMSET 1
| #define HAVE_PIPE 1
| /* end confdefs.h.  */
| /* Define strcasecmp to an innocuous variant, in case <limits.h> declares strcasecmp.
|    For example, HP-UX 11i <limits.h> declares gettimeofday.  */
| #define strcasecmp innocuous_strcasecmp
| 
| /* System header to define __stub macros and hopefully few prototypes,
|     which can conflict with char strcasecmp (); below.
|     Prefer <limits.h> to <assert.h> if __STDC__ is defined, since
|     <limits.h> exists even on freestanding compilers.  */
| 
| #ifdef __STDC__
| # include <limits.h>
| #else
| # include <assert.h>
| #endif
| 
| #undef strcasecmp
| 
| /* Override any gcc2 internal prototype to avoid an error.  */
| #ifdef __cplusplus
| extern "C"
| {
| #endif
| /* We use char because int might match the return type of a gcc2
|    builtin and then its argument prototype would still apply.  */
| char strcasecmp ();
| /* The GNU C library defines this for functions which it implements
|     to always fail with ENOSYS.  Some functions are actually named
|     something starting with __ and the normal name is an alias.  */
| #if defined (__stub_strcasecmp) || defined (__stub___strcasecmp)
| choke me
| #else
| char (*f) () = strcasecmp;
| #endif
| #ifdef __cplusplus
| }
| #endif
| 
| int
| main ()
| {
| return f != strcasecmp;
|   ;
|   return 0;
| }
configure.:4016: result: no
configure.:3928: checking for strchr
configure.:3985: gcc -o conftest.exe -g -O2   conftest.c  >&5
configure.:3991: $? = 0
configure.:3995: test -z 
			 || test ! -s conftest.err
configure.:3998: $? = 0
configure.:4001: test -s conftest.exe
configure.:4004: $? = 0
configure.:4016: result: yes
configure.:3928: checking for strncasecmp
configure.:3985: gcc -o conftest.exe -g -O2   conftest.c  >&5
conftest.c:73 (e:/tmp/cca26024): Undefined symbol _strncasecmp referenced from text segment
e:/tmp/cca26024: Undefined symbol _strncasecmp referenced from data segment
configure.:3991: $? = 1
configure.: failed program was:
| /* confdefs.h.  */
| 
| #define PACKAGE_NAME "renattach"
| #define PACKAGE_TARNAME "renattach"
| #define PACKAGE_VERSION "1.2.4"
| #define PACKAGE_STRING "renattach 1.2.4"
| #define PACKAGE_BUGREPORT ""
| #define PACKAGE "renattach"
| #define VERSION "1.2.4"
| #define STDC_HEADERS 1
| #define HAVE_SYS_TYPES_H 1
| #define HAVE_SYS_STAT_H 1
| #define HAVE_STDLIB_H 1
| #define HAVE_STRING_H 1
| #define HAVE_MEMORY_H 1
| #define HAVE_STRINGS_H 1
| #define HAVE_UNISTD_H 1
| #define HAVE_MEMORY_H 1
| #define HAVE_STDLIB_H 1
| #define HAVE_STRING_H 1
| #define HAVE_STRINGS_H 1
| #define HAVE_SIGNAL_H 1
| #define HAVE_UNISTD_H 1
| #define HAVE_STDLIB_H 1
| #define HAVE_MALLOC 1
| #define HAVE_EXECV 1
| #define HAVE_FORK 1
| #define HAVE_FTRUNCATE 1
| #define HAVE_MEMSET 1
| #define HAVE_PIPE 1
| #define HAVE_STRCHR 1
| /* end confdefs.h.  */
| /* Define strncasecmp to an innocuous variant, in case <limits.h> declares strncasecmp.
|    For example, HP-UX 11i <limits.h> declares gettimeofday.  */
| #define strncasecmp innocuous_strncasecmp
| 
| /* System header to define __stub macros and hopefully few prototypes,
|     which can conflict with char strncasecmp (); below.
|     Prefer <limits.h> to <assert.h> if __STDC__ is defined, since
|     <limits.h> exists even on freestanding compilers.  */
| 
| #ifdef __STDC__
| # include <limits.h>
| #else
| # include <assert.h>
| #endif
| 
| #undef strncasecmp
| 
| /* Override any gcc2 internal prototype to avoid an error.  */
| #ifdef __cplusplus
| extern "C"
| {
| #endif
| /* We use char because int might match the return type of a gcc2
|    builtin and then its argument prototype would still apply.  */
| char strncasecmp ();
| /* The GNU C library defines this for functions which it implements
|     to always fail with ENOSYS.  Some functions are actually named
|     something starting with __ and the normal name is an alias.  */
| #if defined (__stub_strncasecmp) || defined (__stub___strncasecmp)
| choke me
| #else
| char (*f) () = strncasecmp;
| #endif
| #ifdef __cplusplus
| }
| #endif
| 
| int
| main ()
| {
| return f != strncasecmp;
|   ;
|   return 0;
| }
configure.:4016: result: no
configure.:3928: checking for strrchr
configure.:3985: gcc -o conftest.exe -g -O2   conftest.c  >&5
configure.:3991: $? = 0
configure.:3995: test -z 
			 || test ! -s conftest.err
configure.:3998: $? = 0
configure.:4001: test -s conftest.exe
configure.:4004: $? = 0
configure.:4016: result: yes
configure.:3928: checking for strstr
configure.:3985: gcc -o conftest.exe -g -O2   conftest.c  >&5
configure.:3991: $? = 0
configure.:3995: test -z 
			 || test ! -s conftest.err
configure.:3998: $? = 0
configure.:4001: test -s conftest.exe
configure.:4004: $? = 0
configure.:4016: result: yes
configure.:4137: creating ./config.status

## ---------------------- ##
## Running config.status. ##
## ---------------------- ##

This file was extended by renattach config.status 1.2.4, which was
generated by GNU Autoconf 2.59.  Invocation command line was

  CONFIG_FILES    = 
  CONFIG_HEADERS  = 
  CONFIG_LINKS    = 
  CONFIG_COMMANDS = 
  $ ./config.status 

on bruch.asylum.invalid

config.status:4874: creating Makefile
config.status:4874: creating src/Makefile
config.status:4874: creating conf/Makefile
config.status:4977: creating config.h
config.status:5119: config.h is unchanged
config.status:5301: executing depfiles commands

## ---------------- ##
## Cache variables. ##
## ---------------- ##

ac_cv_c_compiler_gnu=yes
ac_cv_c_const=yes
ac_cv_env_CC_set=set
ac_cv_env_CC_value=gcc
ac_cv_env_CFLAGS_set=
ac_cv_env_CFLAGS_value=
ac_cv_env_CPPFLAGS_set=
ac_cv_env_CPPFLAGS_value=
ac_cv_env_CPP_set=
ac_cv_env_CPP_value=
ac_cv_env_LDFLAGS_set=
ac_cv_env_LDFLAGS_value=
ac_cv_env_build_alias_set=
ac_cv_env_build_alias_value=
ac_cv_env_host_alias_set=
ac_cv_env_host_alias_value=
ac_cv_env_target_alias_set=
ac_cv_env_target_alias_value=
ac_cv_exeext='.exe'
ac_cv_func_execv=yes
ac_cv_func_fork=yes
ac_cv_func_ftruncate=yes
ac_cv_func_malloc_0_nonnull=yes
ac_cv_func_memset=yes
ac_cv_func_pipe=yes
ac_cv_func_strcasecmp=no
ac_cv_func_strchr=yes
ac_cv_func_strncasecmp=no
ac_cv_func_strrchr=yes
ac_cv_func_strstr=yes
ac_cv_header_inttypes_h=no
ac_cv_header_memory_h=yes
ac_cv_header_signal_h=yes
ac_cv_header_stdc=yes
ac_cv_header_stdint_h=no
ac_cv_header_stdlib_h=yes
ac_cv_header_string_h=yes
ac_cv_header_strings_h=yes
ac_cv_header_sys_stat_h=yes
ac_cv_header_sys_types_h=yes
ac_cv_header_syslog_h=no
ac_cv_header_unistd_h=yes
ac_cv_objext=o
ac_cv_prog_AWK='e:/bin/gnu/bin/gawk'
ac_cv_prog_CPP='gcc -E'
ac_cv_prog_ac_ct_CC=gcc
ac_cv_prog_cc_g=yes
ac_cv_prog_cc_stdc=
ac_cv_prog_egrep='grep -E'
ac_cv_prog_make_make_set=no
am_cv_CC_dependencies_compiler_type=gcc

## ----------------- ##
## Output variables. ##
## ----------------- ##

ACLOCAL='${SHELL} F:/scrtch/sad/ports/renattach/build/renattach-1.2.4/missing --run aclocal-1.8'
ac_ct_CC='gcc'
ac_ct_STRIP=''
AMDEPBACKSLASH='\'
AMDEP_FALSE='#'
AMDEP_TRUE=''
AMTAR='${SHELL} F:/scrtch/sad/ports/renattach/build/renattach-1.2.4/missing --run tar'
am__fastdepCC_FALSE=''
am__fastdepCC_TRUE='#'
am__include='include'
am__leading_dot='.'
am__quote=''
AUTOCONF='${SHELL} F:/scrtch/sad/ports/renattach/build/renattach-1.2.4/missing --run autoconf'
AUTOHEADER='${SHELL} F:/scrtch/sad/ports/renattach/build/renattach-1.2.4/missing --run autoheader'
AUTOMAKE='${SHELL} F:/scrtch/sad/ports/renattach/build/renattach-1.2.4/missing --run automake-1.8'
AWK='e:/bin/gnu/bin/gawk'
bindir='${exec_prefix}/bin'
build_alias=''
CC='gcc'
CCDEPMODE='depmode=gcc'
CFLAGS='-g -O2'
CPP='gcc -E'
CPPFLAGS=''
CYGPATH_W='echo'
datadir='${prefix}/share'
DEFS='-DHAVE_CONFIG_H'
DEPDIR='.deps'
ECHO_C=''ECHO_N=''
ECHO_T=''
EGREP='grep -E'
exec_prefix='${prefix}'
EXEEXT='.exe'
host_alias=''
includedir='${prefix}/include'
infodir='${prefix}/info'
INSTALL_DATA='${INSTALL} -m 644'
INSTALL_PROGRAM='${INSTALL}'
INSTALL_SCRIPT='${INSTALL}'
install_sh='F:/scrtch/sad/ports/renattach/build/renattach-1.2.4/install-sh'
INSTALL_STRIP_PROGRAM='${SHELL} $(install_sh) -c -s'
LDFLAGS=''
libdir='${exec_prefix}/lib'
libexecdir='${exec_prefix}/libexec'
LIBOBJS=''
LIBS=''
localstatedir='${prefix}/var'
LTLIBOBJS=''
MAKEINFO='${SHELL} F:/scrtch/sad/ports/renattach/build/renattach-1.2.4/missing --run makeinfo'
mandir='${prefix}/man'
mkdir_p='mkdir -p -- .'
OBJEXT='o'
oldincludedir='/usr/include'
PACKAGE='renattach'
PACKAGE_BUGREPORT=''
PACKAGE_NAME='renattach'
PACKAGE_STRING='renattach 1.2.4'
PACKAGE_TARNAME='renattach'
PACKAGE_VERSION='1.2.4'
PATH_SEPARATOR=';'
prefix='/usr/local'
program_transform_name='s,x,x,'
sbindir='${exec_prefix}/sbin'
SET_MAKE='MAKE=make'
sharedstatedir='${prefix}/com'
SHELL='/bin/sh'
STRIP=''
sysconfdir='${prefix}/etc'
target_alias=''
VERSION='1.2.4'

## ----------- ##
## confdefs.h. ##
## ----------- ##

#define HAVE_EXECV 1
#define HAVE_FORK 1
#define HAVE_FTRUNCATE 1
#define HAVE_MALLOC 1
#define HAVE_MEMORY_H 1
#define HAVE_MEMORY_H 1
#define HAVE_MEMSET 1
#define HAVE_PIPE 1
#define HAVE_SIGNAL_H 1
#define HAVE_STDLIB_H 1
#define HAVE_STDLIB_H 1
#define HAVE_STDLIB_H 1
#define HAVE_STRCHR 1
#define HAVE_STRINGS_H 1
#define HAVE_STRINGS_H 1
#define HAVE_STRING_H 1
#define HAVE_STRING_H 1
#define HAVE_STRRCHR 1
#define HAVE_STRSTR 1
#define HAVE_SYS_STAT_H 1
#define HAVE_SYS_TYPES_H 1
#define HAVE_UNISTD_H 1
#define HAVE_UNISTD_H 1
#define PACKAGE "renattach"
#define PACKAGE_BUGREPORT ""
#define PACKAGE_NAME "renattach"
#define PACKAGE_STRING "renattach 1.2.4"
#define PACKAGE_TARNAME "renattach"
#define PACKAGE_VERSION "1.2.4"
#define STDC_HEADERS 1
#define VERSION "1.2.4"

configure.: exit 0
